<?xml version="1.0" encoding="UTF-8"?>
<testng-results ignored="0" total="1" passed="1" failed="0" skipped="0">
  <reporter-output>
  </reporter-output>
  <suite started-at="2024-08-29T14:38:20 IST" name="Default suite" finished-at="2024-08-29T14:38:27 IST" duration-ms="6776">
    <groups>
    </groups>
    <test started-at="2024-08-29T14:38:20 IST" name="Default test" finished-at="2024-08-29T14:38:27 IST" duration-ms="6776">
      <class name="TestAssuredTest.PUT_Request">
        <test-method is-config="true" signature="putData()[pri:0, instance:TestAssuredTest.PUT_Request@7494f96a]" started-at="2024-08-29T14:38:20 IST" name="putData" finished-at="2024-08-29T14:38:21 IST" duration-ms="1040" status="PASS">
          <reporter-output>
          </reporter-output>
        </test-method> <!-- putData -->
        <test-method signature="testPut()[pri:0, instance:TestAssuredTest.PUT_Request@7494f96a]" started-at="2024-08-29T14:38:21 IST" name="testPut" finished-at="2024-08-29T14:38:27 IST" duration-ms="5614" status="PASS">
          <reporter-output>
          </reporter-output>
        </test-method> <!-- testPut -->
      </class> <!-- TestAssuredTest.PUT_Request -->
    </test> <!-- Default test -->
  </suite> <!-- Default suite -->
</testng-results>
